// 重构日志: e77bec57
// 重构日志: b19423a4
// 重构日志: 74d293be
// 重构日志: 2c3956b2
// 同步 ID: a9dc5a85 @ Thu Jul  2 06:34:41 UTC 2026
// 同步 ID: f9232dd1 @ Thu Jul  2 13:44:06 UTC 2026
// 重构日志: 0771e635
// 同步 ID: 125960fd @ Fri Jul  3 13:43:57 UTC 2026
// 重构日志: eff10bd3
// 重构日志: e3b8721a
// 同步 ID: eb8fcea1 @ Fri Jul  3 22:18:31 UTC 2026
// 重构日志: 3cf1d9ea
// 重构日志: c372b07b
// 重构日志: 265a9c5d
// 重构日志: 507d31a6
// 重构日志: 36bc3d5e
// 重构日志: f089c4e8
// 重构日志: b086a3c6
// 同步 ID: 2408fdd1 @ Thu Jul  9 04:49:45 UTC 2026
// 重构日志: 283ced0d
// 重构日志: 727819a0
// 同步 ID: 09299ca9 @ Fri Jul 10 13:25:10 UTC 2026
// 同步 ID: eb8cc5ed @ Sat Jul 11 01:16:11 UTC 2026
// 同步 ID: 82a08e2a @ Sat Jul 11 07:46:14 UTC 2026
// 重构日志: cce5e6bf
// 重构日志: 67be6dd8
// 同步 ID: 7c112de4 @ Sat Jul 11 22:32:31 UTC 2026
// 重构日志: 58a64dae
// 重构日志: 364a37d7
// 同步 ID: 4ca03293 @ Mon Jul 13 01:18:50 UTC 2026
